06/18/2014 02:59:22 PM landis.main               INFO     Start LANDIS-II PreProcTool
06/18/2014 02:59:22 PM collector.setupConfig     INFO     Setup application configuration
06/18/2014 02:59:22 PM collector.setupConfig     DEBUG    Detect Application Folder: C:\LandisVisualizationDevel\PreProcTool\source\main.py
06/18/2014 02:59:22 PM collector.setupConfig     DEBUG    Detect Project File: C:\LandisVisualizationDevel\SampleData\preproc_sample_project_dev.xml
06/18/2014 02:59:22 PM collector.setupConfig     DEBUG    Detect Output Folder: C:\LandisVisualizationDevel\sample_output
06/18/2014 02:59:22 PM collector.createProject   INFO     Create Project
06/18/2014 02:59:22 PM collector.createProject   DEBUG    Load Information from project file: C:\LandisVisualizationDevel\SampleData\preproc_sample_project_dev.xml
06/18/2014 02:59:22 PM collector.createProject   INFO     Project name: "Sample Project Name"
06/18/2014 02:59:22 PM collector.loadSRS         INFO     Load spatial refrence and geo extent from the project xml file
06/18/2014 02:59:22 PM collector.loadSRS         DEBUG    SRS definition: PROJCS["UTM Zone 15, Northern Hemisphere",GEOGCS["NAD83",DATUM["North_American_Datum_1983",SPHEROID["GRS 1980",6378137,298.257222101,AUTHORITY["EPSG","7019"]],TOWGS84[0,0,0,0,0,0,0],AUTHORITY["EPSG","6269"]],PRIMEM["Greenwich",0,AUTHORITY["EPSG","8901"]],UNIT["degree",0.0174532925199433,AUTHORITY["EPSG","9108"]],AUTHORITY["EPSG","4269"]],PROJECTION["Transverse_Mercator"],PARAMETER["latitude_of_origin",0],PARAMETER["central_meridian",-93],PARAMETER["scale_factor",0.9996],PARAMETER["false_easting",500000],PARAMETER["false_northing",0],UNIT["Meter",1]]
06/18/2014 02:59:22 PM collector.loadSRS         DEBUG    geo extent: {'lry': '5104517.522', 'lrx': '566034.718', 'ulx': '293234.718', 'uly': '5314517.522'}
06/18/2014 02:59:22 PM collector.loadMapPrefs    INFO     Load Map Preferences form project xml file
06/18/2014 02:59:22 PM collector.loadMapPrefs    DEBUG    Zoom: [{'max': '11', 'init': '9', 'min': '8'}]
06/18/2014 02:59:22 PM collector.loadMapPrefs    DEBUG    Basemap: [{'source': 'terrain', 'saturation': '0', 'contrast': '1', 'brightness': '0'}]
06/18/2014 02:59:22 PM collector.loadDataStruct  INFO     Load Datastructure from Lanids Metadata
06/18/2014 02:59:22 PM output.genOutputDirs      INFO     Generate output directories
06/18/2014 02:59:22 PM output.genOutputDirs      DEBUG    Create landisdata directory: ..\..\sample_output\landisdata
06/18/2014 02:59:22 PM landis.main               INFO     Start prepairing Table Output
06/18/2014 02:59:22 PM landis.main               INFO     End prepairing Table Output [time: 0.0 sec]
06/18/2014 02:59:22 PM landis.main               INFO     Start prepairing Map Output
06/18/2014 02:59:30 PM root                      DEBUG    'nt'
06/18/2014 02:59:30 PM root                      DEBUG    <Values at 0x23242d8: {'list_profiles': None, 'tile_format': 'png', 'verbose': 1, 'tiles_prefix': '', 'strip_dest_ext': True, 'long_name': None, 'cutline_match_name': None, 'base_resampling': 'nearest', 'cut': None, 'tiles_srs': None, 'dst_nodata': None, 'blend_dist': None, 'src_nodata': None, 'dest_dir': '..\\..\\sample_output\\landisdata\\modeldata\\1\\1\\1', 'tile_size': '256,256', 'noclobber': None, 'profile': 'xyz', 'paletted': None, 'after_map': None, 'after_name': None, 'zoom0_tiles': '1,1', 'zoom': '8,9,10,11', 'srs': None, 'overview_resampling': 'nearest', 'tps': None, 'release': None, 'cutline': None}>
06/18/2014 02:59:30 PM root                      DEBUG    'parallel_map' <module 'multiprocessing' from 'C:\Python27\lib\multiprocessing\__init__.pyc'>
06/18/2014 02:59:31 PM root                      DEBUG    'parallel_map' <module 'multiprocessing' from 'C:\Python27\lib\multiprocessing\__init__.pyc'>
06/18/2014 03:00:31 PM landis.main               INFO     End prepairing Map Output [time: 68.4649999142 sec]
06/18/2014 03:00:31 PM output.saveMetadata       INFO     Save Metadata as JSON files
06/18/2014 03:00:31 PM output.copyWebbase        INFO     Copy webbase to output directory
06/18/2014 03:00:31 PM output.updateWebPrefs     INFO     Update web settings file
06/18/2014 03:00:31 PM output.zipOutput          INFO     Create zipfile for server upload
06/18/2014 03:00:32 PM output.zipOutput          INFO     Output Folder: C:\LandisVisualizationDevel\sample_output
06/18/2014 03:00:32 PM output.zipOutput          INFO     Zip File: C:\LandisVisualizationDevel\sample_output.zip
06/18/2014 03:00:32 PM landis.main               INFO     End of LANDIS-II PreProcTool.
