02/20/2017 02:50:34 AM landis.main               INFO     Start LANDIS-II PreProcTool
02/20/2017 02:50:34 AM collector.setupConfig     INFO     Setup application configuration
02/20/2017 02:50:34 AM collector.setupConfig     DEBUG    Detect Application Folder: C:\Users\bmarr\Desktop\landviz_rebuilding\LANDVIZ-master_GitHub\PreProcTool\deploy\Pyinstaller_build_PreProcTool\dist\PreProcTool\preproctool.exe
02/20/2017 02:50:34 AM collector.setupConfig     DEBUG    Detect Project File: C:\Users\bmarr\Desktop\landviz_rebuilding\test_project_file.xml
02/20/2017 02:50:34 AM collector.setupConfig     DEBUG    Detect Output Folder: C:\Users\bmarr\Desktop\landviz_rebuilding\sample_output
02/20/2017 02:50:34 AM collector.createProject   INFO     Create Project
02/20/2017 02:50:34 AM collector.createProject   DEBUG    Load Information from project file: C:\Users\bmarr\Desktop\landviz_rebuilding\test_project_file.xml
02/20/2017 02:50:34 AM collector.createProject   INFO     Project name: "Example Project Name"
02/20/2017 02:50:34 AM collector.loadSRS         INFO     Load spatial refrence and geo extent from the project xml file
02/20/2017 02:50:34 AM collector.loadSRS         DEBUG    SRS definition: PROJCS["unnamed",GEOGCS["NAD83",DATUM["North_American_Datum_1983",SPHEROID["GRS 1980",6378137,298.257222101,AUTHORITY["EPSG","7019"]],TOWGS84[0,0,0,0,0,0,0],AUTHORITY["EPSG","6269"]],PRIMEM["Greenwich",0,AUTHORITY["EPSG","8901"]],UNIT["degree",0.0174532925199433,AUTHORITY["EPSG","9122"]],AUTHORITY["EPSG","4269"]],PROJECTION["Albers_Conic_Equal_Area"],PARAMETER["standard_parallel_1",29.5],PARAMETER["standard_parallel_2",45.5],PARAMETER["latitude_of_center",23],PARAMETER["longitude_of_center",-96],PARAMETER["false_easting",0],PARAMETER["false_northing",0],UNIT["Meter",1]]
02/20/2017 02:50:34 AM collector.loadSRS         DEBUG    geo extent: {'lry': '2277083.5926', 'lrx': '-2180708.84151', 'ulx': '-2225528.84151', 'uly': '2326223.5926'}
02/20/2017 02:50:34 AM collector.loadMapPrefs    INFO     Load Map Preferences form project xml file
02/20/2017 02:50:34 AM collector.loadMapPrefs    DEBUG    Zoom: [{'max': '13', 'init': '11', 'min': '9'}]
02/20/2017 02:50:34 AM collector.loadMapPrefs    DEBUG    Basemap: [{'source': 'terrain', 'saturation': '0', 'contrast': '1', 'brightness': '0'}]
02/20/2017 02:50:34 AM collector.loadMapPrefs    DEBUG    Legend: [{'qualitativeCol': 'Paired', 'sequentialCol': 'Reds', 'initClassCount': '3', 'divergingCol': 'PiYG'}]
02/20/2017 02:50:34 AM collector.loadDataStruct  INFO     Load Datastructure from Lanids Metadata
02/20/2017 02:50:34 AM output.genOutputDirs      INFO     Generate output directories
02/20/2017 02:50:34 AM output.genOutputDirs      DEBUG    Create landisdata directory: C:\Users\bmarr\Desktop\landviz_rebuilding\sample_output\landisdata
02/20/2017 02:50:34 AM preworker.prepairTables   INFO     Start prepairing Table Output
02/20/2017 02:50:34 AM preworker.prepairTables   INFO     End prepairing Table Output [time: 0.0940001010895 sec]
02/20/2017 02:50:34 AM preworker.prepairMaps     INFO     Start prepairing Map Output
02/20/2017 02:50:34 AM preworker.prepairMaps     INFO     scenario: BAU_short_clip
02/20/2017 02:50:34 AM preworker.prepairMaps     INFO     extension: Dynamic Fire System
02/20/2017 02:50:34 AM preworker.prepairMaps     INFO     output: Severity
02/20/2017 02:50:34 AM preworker.prepairMaps     INFO     prepair year = 0 [year not available]
02/20/2017 02:50:34 AM preworker.prepairMaps     INFO     prepair year = 1
02/20/2017 02:50:34 AM preworker.prepairMaps     INFO     prepair year = 2
02/20/2017 02:50:34 AM preworker.prepairMaps     INFO     prepair year = 3
02/20/2017 02:50:34 AM preworker.prepairMaps     INFO     prepair year = 4
02/20/2017 02:50:34 AM preworker.prepairMaps     INFO     prepair year = 5
02/20/2017 02:50:34 AM preworker.prepairMaps     INFO     prepair year = 6
02/20/2017 02:50:34 AM preworker.prepairMaps     INFO     prepair year = 7
02/20/2017 02:50:34 AM preworker.prepairMaps     INFO     prepair year = 8
02/20/2017 02:50:35 AM preworker.prepairMaps     INFO     prepair year = 9
02/20/2017 02:50:35 AM preworker.prepairMaps     INFO     prepair year = 10
02/20/2017 02:50:36 AM landis.tiler              DEBUG    Start tiling process with multiprocessing
02/20/2017 02:50:51 AM landis.tiler              DEBUG    End tiling process with multiprocessing
02/20/2017 02:50:51 AM preworker.prepairMaps     INFO     scenario: BAU_short_clip
02/20/2017 02:50:51 AM preworker.prepairMaps     INFO     extension: Dynamic Fire System
02/20/2017 02:50:51 AM preworker.prepairMaps     INFO     output: TimeLastFire
02/20/2017 02:50:51 AM preworker.prepairMaps     INFO     prepair year = 0 [year not available]
02/20/2017 02:50:51 AM preworker.prepairMaps     INFO     prepair year = 1
02/20/2017 02:50:51 AM preworker.prepairMaps     INFO     prepair year = 2
02/20/2017 02:50:51 AM preworker.prepairMaps     INFO     prepair year = 3
02/20/2017 02:50:51 AM preworker.prepairMaps     INFO     prepair year = 4
02/20/2017 02:50:51 AM preworker.prepairMaps     INFO     prepair year = 5
02/20/2017 02:50:51 AM preworker.prepairMaps     INFO     prepair year = 6
02/20/2017 02:50:51 AM preworker.prepairMaps     INFO     prepair year = 7
02/20/2017 02:50:51 AM preworker.prepairMaps     INFO     prepair year = 8
02/20/2017 02:50:51 AM preworker.prepairMaps     INFO     prepair year = 9
02/20/2017 02:50:51 AM preworker.prepairMaps     INFO     prepair year = 10
02/20/2017 02:50:52 AM landis.tiler              DEBUG    Start tiling process with multiprocessing
02/20/2017 02:51:08 AM landis.tiler              DEBUG    End tiling process with multiprocessing
02/20/2017 02:51:08 AM preworker.prepairMaps     INFO     scenario: BAU_short_clip
02/20/2017 02:51:08 AM preworker.prepairMaps     INFO     extension: NECN-Succession
02/20/2017 02:51:08 AM preworker.prepairMaps     INFO     output: Aboveground Net Primary Production
02/20/2017 02:51:08 AM preworker.prepairMaps     INFO     prepair year = 0 [year not available]
02/20/2017 02:51:08 AM preworker.prepairMaps     INFO     prepair year = 1
02/20/2017 02:51:08 AM preworker.prepairMaps     INFO     prepair year = 2
02/20/2017 02:51:08 AM preworker.prepairMaps     INFO     prepair year = 3
02/20/2017 02:51:08 AM preworker.prepairMaps     INFO     prepair year = 4
02/20/2017 02:51:08 AM preworker.prepairMaps     INFO     prepair year = 5
02/20/2017 02:51:08 AM preworker.prepairMaps     INFO     prepair year = 6
02/20/2017 02:51:08 AM preworker.prepairMaps     INFO     prepair year = 7
02/20/2017 02:51:08 AM preworker.prepairMaps     INFO     prepair year = 8
02/20/2017 02:51:08 AM preworker.prepairMaps     INFO     prepair year = 9
02/20/2017 02:51:08 AM preworker.prepairMaps     INFO     prepair year = 10
02/20/2017 02:51:10 AM landis.tiler              DEBUG    Start tiling process with multiprocessing
02/20/2017 02:51:26 AM landis.tiler              DEBUG    End tiling process with multiprocessing
02/20/2017 02:51:26 AM preworker.prepairMaps     INFO     scenario: BAU_short_clip
02/20/2017 02:51:26 AM preworker.prepairMaps     INFO     extension: NECN-Succession
02/20/2017 02:51:26 AM preworker.prepairMaps     INFO     output: Net Ecosystem Exchange
02/20/2017 02:51:26 AM preworker.prepairMaps     INFO     prepair year = 0 [year not available]
02/20/2017 02:51:26 AM preworker.prepairMaps     INFO     prepair year = 1
02/20/2017 02:51:26 AM preworker.prepairMaps     INFO     prepair year = 2
02/20/2017 02:51:26 AM preworker.prepairMaps     INFO     prepair year = 3
02/20/2017 02:51:26 AM preworker.prepairMaps     INFO     prepair year = 4
02/20/2017 02:51:26 AM preworker.prepairMaps     INFO     prepair year = 5
02/20/2017 02:51:26 AM preworker.prepairMaps     INFO     prepair year = 6
02/20/2017 02:51:26 AM preworker.prepairMaps     INFO     prepair year = 7
02/20/2017 02:51:26 AM preworker.prepairMaps     INFO     prepair year = 8
02/20/2017 02:51:26 AM preworker.prepairMaps     INFO     prepair year = 9
02/20/2017 02:51:26 AM preworker.prepairMaps     INFO     prepair year = 10
02/20/2017 02:51:27 AM landis.tiler              DEBUG    Start tiling process with multiprocessing
02/20/2017 02:51:43 AM landis.tiler              DEBUG    End tiling process with multiprocessing
02/20/2017 02:51:43 AM preworker.prepairMaps     INFO     End prepairing Map Output [time: 68.7610001564 sec]
02/20/2017 02:51:43 AM output.saveMetadata       INFO     Save Metadata as JSON files
02/20/2017 02:51:43 AM output.copyWebbase        INFO     Copy webbase to output directory
02/20/2017 02:51:45 AM output.updateWebPrefs     INFO     Update web settings file
02/20/2017 02:51:45 AM landis.main               INFO     End of LANDIS-II PreProcTool.
