02/16/2017 12:06:21 AM landis.main               INFO     Start LANDIS-II PreProcTool
02/16/2017 12:06:21 AM collector.setupConfig     INFO     Setup application configuration
02/16/2017 12:06:21 AM collector.setupConfig     DEBUG    Detect Application Folder: C:\data\development\landviz\py27\LANDVIZ-master\PreProcTool\source\main.py
02/16/2017 12:06:21 AM collector.setupConfig     DEBUG    Detect Project File: C:\data\development\landviz\py27\test_project_file.xml
02/16/2017 12:06:21 AM collector.setupConfig     DEBUG    Detect Output Folder: C:\data\development\landviz\py27\sample_output_21
02/16/2017 12:06:21 AM collector.createProject   INFO     Create Project
02/16/2017 12:06:21 AM collector.createProject   DEBUG    Load Information from project file: C:\data\development\landviz\py27\test_project_file.xml
02/16/2017 12:06:21 AM collector.createProject   INFO     Project name: "Example Project Name"
02/16/2017 12:06:21 AM collector.loadSRS         INFO     Load spatial refrence and geo extent from the project xml file
02/16/2017 12:06:21 AM collector.loadSRS         DEBUG    SRS definition: PROJCS["unnamed",GEOGCS["NAD83",DATUM["North_American_Datum_1983",SPHEROID["GRS 1980",6378137,298.257222101,AUTHORITY["EPSG","7019"]],TOWGS84[0,0,0,0,0,0,0],AUTHORITY["EPSG","6269"]],PRIMEM["Greenwich",0,AUTHORITY["EPSG","8901"]],UNIT["degree",0.0174532925199433,AUTHORITY["EPSG","9122"]],AUTHORITY["EPSG","4269"]],PROJECTION["Albers_Conic_Equal_Area"],PARAMETER["standard_parallel_1",29.5],PARAMETER["standard_parallel_2",45.5],PARAMETER["latitude_of_center",23],PARAMETER["longitude_of_center",-96],PARAMETER["false_easting",0],PARAMETER["false_northing",0],UNIT["Meter",1]]
02/16/2017 12:06:21 AM collector.loadSRS         DEBUG    geo extent: {'lry': '2277083.5926', 'lrx': '-2180708.84151', 'ulx': '-2225528.84151', 'uly': '2326223.5926'}
02/16/2017 12:06:21 AM collector.loadMapPrefs    INFO     Load Map Preferences form project xml file
02/16/2017 12:06:21 AM collector.loadMapPrefs    DEBUG    Zoom: [{'max': '13', 'init': '11', 'min': '9'}]
02/16/2017 12:06:21 AM collector.loadMapPrefs    DEBUG    Basemap: [{'source': 'terrain', 'saturation': '0', 'contrast': '1', 'brightness': '0'}]
02/16/2017 12:06:21 AM collector.loadMapPrefs    DEBUG    Legend: [{'qualitativeCol': 'Paired', 'sequentialCol': 'Reds', 'initClassCount': '3', 'divergingCol': 'PiYG'}]
02/16/2017 12:06:21 AM collector.loadDataStruct  INFO     Load Datastructure from Lanids Metadata
02/16/2017 12:06:21 AM output.genOutputDirs      INFO     Generate output directories
02/16/2017 12:06:21 AM output.genOutputDirs      DEBUG    Create landisdata directory: ..\..\..\sample_output_21\landisdata
02/16/2017 12:06:21 AM preworker.prepairTables   INFO     Start prepairing Table Output
02/16/2017 12:06:21 AM preworker.prepairTables   INFO     End prepairing Table Output [time: 0.0160000324249 sec]
02/16/2017 12:06:21 AM preworker.prepairMaps     INFO     Start prepairing Map Output
02/16/2017 12:06:21 AM preworker.prepairMaps     INFO     scenario: BAU_short_clip
02/16/2017 12:06:21 AM preworker.prepairMaps     INFO     extension: Dynamic Fire System
02/16/2017 12:06:21 AM preworker.prepairMaps     INFO     output: Severity
02/16/2017 12:06:21 AM preworker.prepairMaps     INFO     prepair year = 0 [year not available]
02/16/2017 12:06:21 AM preworker.prepairMaps     INFO     prepair year = 1
02/16/2017 12:06:21 AM preworker.prepairMaps     INFO     prepair year = 2
02/16/2017 12:06:21 AM preworker.prepairMaps     INFO     prepair year = 3
02/16/2017 12:06:21 AM preworker.prepairMaps     INFO     prepair year = 4
02/16/2017 12:06:21 AM preworker.prepairMaps     INFO     prepair year = 5
02/16/2017 12:06:21 AM preworker.prepairMaps     INFO     prepair year = 6
02/16/2017 12:06:21 AM preworker.prepairMaps     INFO     prepair year = 7
02/16/2017 12:06:22 AM preworker.prepairMaps     INFO     prepair year = 8
02/16/2017 12:06:22 AM preworker.prepairMaps     INFO     prepair year = 9
02/16/2017 12:06:22 AM preworker.prepairMaps     INFO     prepair year = 10
02/16/2017 12:06:22 AM root                      DEBUG    'preprocess_src' [(u'..\\..\\..\\sample_output_21\\landisdata\\modeldata\\1\\1\\1\\1.png', False)]
02/16/2017 12:06:22 AM root                      DEBUG    'preprocess_src' [(u'..\\..\\..\\sample_output_21\\landisdata\\modeldata\\1\\1\\1\\2.png', False)]
02/16/2017 12:06:22 AM root                      DEBUG    'preprocess_src' [(u'..\\..\\..\\sample_output_21\\landisdata\\modeldata\\1\\1\\1\\3.png', False)]
02/16/2017 12:06:22 AM root                      DEBUG    'preprocess_src' [(u'..\\..\\..\\sample_output_21\\landisdata\\modeldata\\1\\1\\1\\4.png', False)]
02/16/2017 12:06:22 AM root                      DEBUG    'preprocess_src' [(u'..\\..\\..\\sample_output_21\\landisdata\\modeldata\\1\\1\\1\\5.png', False)]
02/16/2017 12:06:22 AM root                      DEBUG    'preprocess_src' [(u'..\\..\\..\\sample_output_21\\landisdata\\modeldata\\1\\1\\1\\6.png', False)]
02/16/2017 12:06:22 AM root                      DEBUG    'preprocess_src' [(u'..\\..\\..\\sample_output_21\\landisdata\\modeldata\\1\\1\\1\\7.png', False)]
02/16/2017 12:06:22 AM root                      DEBUG    'preprocess_src' [(u'..\\..\\..\\sample_output_21\\landisdata\\modeldata\\1\\1\\1\\8.png', False)]
02/16/2017 12:06:22 AM root                      DEBUG    'preprocess_src' [(u'..\\..\\..\\sample_output_21\\landisdata\\modeldata\\1\\1\\1\\9.png', False)]
02/16/2017 12:06:22 AM root                      DEBUG    'preprocess_src' [(u'..\\..\\..\\sample_output_21\\landisdata\\modeldata\\1\\1\\1\\10.png', False)]
02/16/2017 12:06:22 AM landis.tiler              DEBUG    Start tiling process with multiprocessing
02/16/2017 12:06:22 AM root                      DEBUG    u'1' u'..\\..\\..\\sample_output_21\\landisdata\\modeldata\\1\\1\\1/1'
02/16/2017 12:06:22 AM root                      DEBUG    'src dest' u'..\\..\\..\\sample_output_21\\landisdata\\modeldata\\1\\1\\1\\1.png' u'..\\..\\..\\sample_output_21\\landisdata\\modeldata\\1\\1\\1/1'
02/16/2017 12:06:22 AM root                      DEBUG    'proj, longlat' '+proj=merc +a=6378137 +b=6378137 +lat_ts=0.0 +lon_0=0.0 +x_0=0.0 +y_0=0 +k=1.0 +units=m +nadgrids=@null +wktext +no_defs' '+proj=longlat +a=6378137 +b=6378137 +nadgrids=@null +no_defs '
02/16/2017 12:06:22 AM root                      DEBUG    'max_x' 20037508.342789248
02/16/2017 12:06:22 AM root                      DEBUG    'zoom0_tiles' [1, 1] 'tile_dim' (256, -256) 'pix_origin' (-20037508.342789248, 20037508.342789248) 'tile_origin' (-20037508.342789248, 20037508.342789244) (-180, 85.05112877980658)
02/16/2017 12:06:22 AM root                      DEBUG    'max extent' (-20037508.342789248, -20037508.342789248, 20037508.342789248, 20037508.342789248)
02/16/2017 12:06:22 AM root                      DEBUG    'tile year = 1'
02/16/2017 12:06:22 AM root                      DEBUG    'self.src_path' u'C:\\data\\development\\landviz\\py27\\sample_output_21\\landisdata\\modeldata\\1\\1\\1\\1.png' u'..\\..\\..\\sample_output_21\\landisdata\\modeldata\\1\\1\\1\\1.png'
02/16/2017 12:06:22 AM root                      DEBUG    'src_proj' '+proj=aea +lat_1=29.5 +lat_2=45.5 +lat_0=23 +lon_0=-96 +x_0=0 +y_0=0 +ellps=GRS80 +towgs84=0,0,0,0,0,0,0 +units=m +no_defs ' 'src geotr' (-2225528.84151, 270.0, 0.0, 2326223.5926, 0.0, -270.0)
02/16/2017 12:06:22 AM root                      DEBUG    'automatic zoom levels'
02/16/2017 12:06:22 AM root                      DEBUG    'shift_srs ul' (-123.06281031373413, 41.073138381164284) 'lr' (-122.38414062957925, 40.76262052586054)
02/16/2017 12:06:22 AM root                      DEBUG    'ul_c, lr_c, wh' (-13699289.379714102, 5039602.129471674) [-13623638.577298425, 4961083.0501871575] (75650.80241567641, 78519.07928451616)
02/16/2017 12:06:22 AM root                      DEBUG    'zoom_range' [13, 12, 11, 10, 9] (8, 8)
02/16/2017 12:06:22 AM root                      DEBUG    'shift_srs ul' (-123.06281031373413, 41.073138381164284) 'lr' (-122.38414062957925, 40.76262052586054)
02/16/2017 12:06:22 AM root                      DEBUG    'target raster'
02/16/2017 12:06:22 AM root                      DEBUG    'Upper Left' (-13699289.379714102, 5039602.129471674) (-13699289.379714102, 5039602.129471674) [(-123.06281031373413, 41.184557808755784), (-123.06281031373413, 41.184557808755784)]
02/16/2017 12:06:22 AM root                      DEBUG    'Lower Right' (-13623638.577298425, 4961083.0501871575) (-13623638.577298425, 4961083.0501871575) [(-122.38322759307503, 40.65156783076159), (-122.38322759307503, 40.65156783076159)]
02/16/2017 12:06:22 AM root                      DEBUG    'base_raster'
02/16/2017 12:06:22 AM root                      DEBUG    'tile_ul' [13, 1295, 3065] 'tile_lr' [13, 1311, 3081]
02/16/2017 12:06:22 AM root                      DEBUG    'target Upper Left' (-13699289.379714102, 5039602.129471674) [-13702407.438513838, 5043620.874369068] [(-123.06281031373413, 41.184557808755784), (-123.09082031249999, 41.21172151054785)]
02/16/2017 12:06:22 AM root                      DEBUG    'target Lower Right' (-13623638.577298425, 4961083.0501871575) [-13619243.951739566, 4960457.387594795] [(-122.38322759307503, 40.65156783076159), (-122.34374999999999, 40.647303562522474)]
02/16/2017 12:06:22 AM root                      DEBUG    'max_zoom' 13 'size' 4352 4352 '-tr' 19.109257071294067 -19.109257071294067 '-te' -13702407.438513838 4960457.387594795 -13619243.951739566 5043620.874369068 '-t_srs' '+proj=merc +a=6378137 +b=6378137 +lat_ts=0.0 +lon_0=0.0 +x_0=0.0 +y_0=0 +k=1.0 +units=m +nadgrids=@null +wktext +no_defs'
02/16/2017 12:06:22 AM root                      DEBUG    'src_bands' 4
02/16/2017 12:06:22 AM root                      DEBUG    'nodata' None None
02/16/2017 12:06:22 AM root                      DEBUG    'walk'
02/16/2017 12:06:22 AM root                      DEBUG    'min_zoom' 9 'tile_ul' [9, 80, 191] 'tile_lr' [9, 81, 192] 'tiles' {(9, 80, 192): (9, 80, 192), (9, 81, 192): (9, 81, 192), (9, 81, 191): (9, 81, 191), (9, 80, 191): (9, 80, 191)}
02/16/2017 12:06:28 AM root                      DEBUG    u'2' u'..\\..\\..\\sample_output_21\\landisdata\\modeldata\\1\\1\\1/2'
02/16/2017 12:06:28 AM root                      DEBUG    'src dest' u'..\\..\\..\\sample_output_21\\landisdata\\modeldata\\1\\1\\1\\2.png' u'..\\..\\..\\sample_output_21\\landisdata\\modeldata\\1\\1\\1/2'
02/16/2017 12:06:28 AM root                      DEBUG    'proj, longlat' '+proj=merc +a=6378137 +b=6378137 +lat_ts=0.0 +lon_0=0.0 +x_0=0.0 +y_0=0 +k=1.0 +units=m +nadgrids=@null +wktext +no_defs' '+proj=longlat +a=6378137 +b=6378137 +nadgrids=@null +no_defs '
02/16/2017 12:06:28 AM root                      DEBUG    'max_x' 20037508.342789248
02/16/2017 12:06:28 AM root                      DEBUG    'zoom0_tiles' [1, 1] 'tile_dim' (256, -256) 'pix_origin' (-20037508.342789248, 20037508.342789248) 'tile_origin' (-20037508.342789248, 20037508.342789244) (-180, 85.05112877980658)
02/16/2017 12:06:28 AM root                      DEBUG    'max extent' (-20037508.342789248, -20037508.342789248, 20037508.342789248, 20037508.342789248)
02/16/2017 12:06:28 AM root                      DEBUG    'tile year = 2'
02/16/2017 12:06:28 AM root                      DEBUG    'self.src_path' u'C:\\data\\development\\landviz\\py27\\sample_output_21\\landisdata\\modeldata\\1\\1\\1\\2.png' u'..\\..\\..\\sample_output_21\\landisdata\\modeldata\\1\\1\\1\\2.png'
02/16/2017 12:06:28 AM root                      DEBUG    'src_proj' '+proj=aea +lat_1=29.5 +lat_2=45.5 +lat_0=23 +lon_0=-96 +x_0=0 +y_0=0 +ellps=GRS80 +towgs84=0,0,0,0,0,0,0 +units=m +no_defs ' 'src geotr' (-2225528.84151, 270.0, 0.0, 2326223.5926, 0.0, -270.0)
02/16/2017 12:06:28 AM root                      DEBUG    'automatic zoom levels'
02/16/2017 12:06:28 AM root                      DEBUG    'shift_srs ul' (-123.06281031373413, 41.073138381164284) 'lr' (-122.38414062957925, 40.76262052586054)
02/16/2017 12:06:28 AM root                      DEBUG    'ul_c, lr_c, wh' (-13699289.379714102, 5039602.129471674) [-13623638.577298425, 4961083.0501871575] (75650.80241567641, 78519.07928451616)
02/16/2017 12:06:28 AM root                      DEBUG    'zoom_range' [13, 12, 11, 10, 9] (8, 8)
02/16/2017 12:06:28 AM root                      DEBUG    'shift_srs ul' (-123.06281031373413, 41.073138381164284) 'lr' (-122.38414062957925, 40.76262052586054)
02/16/2017 12:06:28 AM root                      DEBUG    'target raster'
02/16/2017 12:06:28 AM root                      DEBUG    'Upper Left' (-13699289.379714102, 5039602.129471674) (-13699289.379714102, 5039602.129471674) [(-123.06281031373413, 41.184557808755784), (-123.06281031373413, 41.184557808755784)]
02/16/2017 12:06:28 AM root                      DEBUG    'Lower Right' (-13623638.577298425, 4961083.0501871575) (-13623638.577298425, 4961083.0501871575) [(-122.38322759307503, 40.65156783076159), (-122.38322759307503, 40.65156783076159)]
02/16/2017 12:06:28 AM root                      DEBUG    'base_raster'
02/16/2017 12:06:28 AM root                      DEBUG    'tile_ul' [13, 1295, 3065] 'tile_lr' [13, 1311, 3081]
02/16/2017 12:06:28 AM root                      DEBUG    'target Upper Left' (-13699289.379714102, 5039602.129471674) [-13702407.438513838, 5043620.874369068] [(-123.06281031373413, 41.184557808755784), (-123.09082031249999, 41.21172151054785)]
02/16/2017 12:06:28 AM root                      DEBUG    'target Lower Right' (-13623638.577298425, 4961083.0501871575) [-13619243.951739566, 4960457.387594795] [(-122.38322759307503, 40.65156783076159), (-122.34374999999999, 40.647303562522474)]
02/16/2017 12:06:28 AM root                      DEBUG    'max_zoom' 13 'size' 4352 4352 '-tr' 19.109257071294067 -19.109257071294067 '-te' -13702407.438513838 4960457.387594795 -13619243.951739566 5043620.874369068 '-t_srs' '+proj=merc +a=6378137 +b=6378137 +lat_ts=0.0 +lon_0=0.0 +x_0=0.0 +y_0=0 +k=1.0 +units=m +nadgrids=@null +wktext +no_defs'
02/16/2017 12:06:28 AM root                      DEBUG    'src_bands' 4
02/16/2017 12:06:28 AM root                      DEBUG    'nodata' None None
02/16/2017 12:06:28 AM root                      DEBUG    'walk'
02/16/2017 12:06:28 AM root                      DEBUG    'min_zoom' 9 'tile_ul' [9, 80, 191] 'tile_lr' [9, 81, 192] 'tiles' {(9, 80, 192): (9, 80, 192), (9, 81, 192): (9, 81, 192), (9, 81, 191): (9, 81, 191), (9, 80, 191): (9, 80, 191)}
02/16/2017 12:06:33 AM root                      DEBUG    u'3' u'..\\..\\..\\sample_output_21\\landisdata\\modeldata\\1\\1\\1/3'
02/16/2017 12:06:33 AM root                      DEBUG    'src dest' u'..\\..\\..\\sample_output_21\\landisdata\\modeldata\\1\\1\\1\\3.png' u'..\\..\\..\\sample_output_21\\landisdata\\modeldata\\1\\1\\1/3'
02/16/2017 12:06:33 AM root                      DEBUG    'proj, longlat' '+proj=merc +a=6378137 +b=6378137 +lat_ts=0.0 +lon_0=0.0 +x_0=0.0 +y_0=0 +k=1.0 +units=m +nadgrids=@null +wktext +no_defs' '+proj=longlat +a=6378137 +b=6378137 +nadgrids=@null +no_defs '
02/16/2017 12:06:33 AM root                      DEBUG    'max_x' 20037508.342789248
02/16/2017 12:06:33 AM root                      DEBUG    'zoom0_tiles' [1, 1] 'tile_dim' (256, -256) 'pix_origin' (-20037508.342789248, 20037508.342789248) 'tile_origin' (-20037508.342789248, 20037508.342789244) (-180, 85.05112877980658)
02/16/2017 12:06:33 AM root                      DEBUG    'max extent' (-20037508.342789248, -20037508.342789248, 20037508.342789248, 20037508.342789248)
02/16/2017 12:06:33 AM root                      DEBUG    'tile year = 3'
02/16/2017 12:06:33 AM root                      DEBUG    'self.src_path' u'C:\\data\\development\\landviz\\py27\\sample_output_21\\landisdata\\modeldata\\1\\1\\1\\3.png' u'..\\..\\..\\sample_output_21\\landisdata\\modeldata\\1\\1\\1\\3.png'
02/16/2017 12:06:33 AM root                      DEBUG    'src_proj' '+proj=aea +lat_1=29.5 +lat_2=45.5 +lat_0=23 +lon_0=-96 +x_0=0 +y_0=0 +ellps=GRS80 +towgs84=0,0,0,0,0,0,0 +units=m +no_defs ' 'src geotr' (-2225528.84151, 270.0, 0.0, 2326223.5926, 0.0, -270.0)
02/16/2017 12:06:33 AM root                      DEBUG    'automatic zoom levels'
02/16/2017 12:06:33 AM root                      DEBUG    'shift_srs ul' (-123.06281031373413, 41.073138381164284) 'lr' (-122.38414062957925, 40.76262052586054)
02/16/2017 12:06:33 AM root                      DEBUG    'ul_c, lr_c, wh' (-13699289.379714102, 5039602.129471674) [-13623638.577298425, 4961083.0501871575] (75650.80241567641, 78519.07928451616)
02/16/2017 12:06:33 AM root                      DEBUG    'zoom_range' [13, 12, 11, 10, 9] (8, 8)
02/16/2017 12:06:33 AM root                      DEBUG    'shift_srs ul' (-123.06281031373413, 41.073138381164284) 'lr' (-122.38414062957925, 40.76262052586054)
02/16/2017 12:06:33 AM root                      DEBUG    'target raster'
02/16/2017 12:06:33 AM root                      DEBUG    'Upper Left' (-13699289.379714102, 5039602.129471674) (-13699289.379714102, 5039602.129471674) [(-123.06281031373413, 41.184557808755784), (-123.06281031373413, 41.184557808755784)]
02/16/2017 12:06:33 AM root                      DEBUG    'Lower Right' (-13623638.577298425, 4961083.0501871575) (-13623638.577298425, 4961083.0501871575) [(-122.38322759307503, 40.65156783076159), (-122.38322759307503, 40.65156783076159)]
02/16/2017 12:06:33 AM root                      DEBUG    'base_raster'
02/16/2017 12:06:33 AM root                      DEBUG    'tile_ul' [13, 1295, 3065] 'tile_lr' [13, 1311, 3081]
02/16/2017 12:06:33 AM root                      DEBUG    'target Upper Left' (-13699289.379714102, 5039602.129471674) [-13702407.438513838, 5043620.874369068] [(-123.06281031373413, 41.184557808755784), (-123.09082031249999, 41.21172151054785)]
02/16/2017 12:06:33 AM root                      DEBUG    'target Lower Right' (-13623638.577298425, 4961083.0501871575) [-13619243.951739566, 4960457.387594795] [(-122.38322759307503, 40.65156783076159), (-122.34374999999999, 40.647303562522474)]
02/16/2017 12:06:33 AM root                      DEBUG    'max_zoom' 13 'size' 4352 4352 '-tr' 19.109257071294067 -19.109257071294067 '-te' -13702407.438513838 4960457.387594795 -13619243.951739566 5043620.874369068 '-t_srs' '+proj=merc +a=6378137 +b=6378137 +lat_ts=0.0 +lon_0=0.0 +x_0=0.0 +y_0=0 +k=1.0 +units=m +nadgrids=@null +wktext +no_defs'
02/16/2017 12:06:33 AM root                      DEBUG    'src_bands' 4
02/16/2017 12:06:33 AM root                      DEBUG    'nodata' None None
02/16/2017 12:06:33 AM root                      DEBUG    'walk'
02/16/2017 12:06:33 AM root                      DEBUG    'min_zoom' 9 'tile_ul' [9, 80, 191] 'tile_lr' [9, 81, 192] 'tiles' {(9, 80, 192): (9, 80, 192), (9, 81, 192): (9, 81, 192), (9, 81, 191): (9, 81, 191), (9, 80, 191): (9, 80, 191)}
02/16/2017 12:06:37 AM root                      DEBUG    u'4' u'..\\..\\..\\sample_output_21\\landisdata\\modeldata\\1\\1\\1/4'
02/16/2017 12:06:37 AM root                      DEBUG    'src dest' u'..\\..\\..\\sample_output_21\\landisdata\\modeldata\\1\\1\\1\\4.png' u'..\\..\\..\\sample_output_21\\landisdata\\modeldata\\1\\1\\1/4'
02/16/2017 12:06:37 AM root                      DEBUG    'proj, longlat' '+proj=merc +a=6378137 +b=6378137 +lat_ts=0.0 +lon_0=0.0 +x_0=0.0 +y_0=0 +k=1.0 +units=m +nadgrids=@null +wktext +no_defs' '+proj=longlat +a=6378137 +b=6378137 +nadgrids=@null +no_defs '
02/16/2017 12:06:37 AM root                      DEBUG    'max_x' 20037508.342789248
02/16/2017 12:06:37 AM root                      DEBUG    'zoom0_tiles' [1, 1] 'tile_dim' (256, -256) 'pix_origin' (-20037508.342789248, 20037508.342789248) 'tile_origin' (-20037508.342789248, 20037508.342789244) (-180, 85.05112877980658)
02/16/2017 12:06:37 AM root                      DEBUG    'max extent' (-20037508.342789248, -20037508.342789248, 20037508.342789248, 20037508.342789248)
02/16/2017 12:06:37 AM root                      DEBUG    'tile year = 4'
02/16/2017 12:06:37 AM root                      DEBUG    'self.src_path' u'C:\\data\\development\\landviz\\py27\\sample_output_21\\landisdata\\modeldata\\1\\1\\1\\4.png' u'..\\..\\..\\sample_output_21\\landisdata\\modeldata\\1\\1\\1\\4.png'
02/16/2017 12:06:37 AM root                      DEBUG    'src_proj' '+proj=aea +lat_1=29.5 +lat_2=45.5 +lat_0=23 +lon_0=-96 +x_0=0 +y_0=0 +ellps=GRS80 +towgs84=0,0,0,0,0,0,0 +units=m +no_defs ' 'src geotr' (-2225528.84151, 270.0, 0.0, 2326223.5926, 0.0, -270.0)
02/16/2017 12:06:37 AM root                      DEBUG    'automatic zoom levels'
02/16/2017 12:06:37 AM root                      DEBUG    'shift_srs ul' (-123.06281031373413, 41.073138381164284) 'lr' (-122.38414062957925, 40.76262052586054)
02/16/2017 12:06:37 AM root                      DEBUG    'ul_c, lr_c, wh' (-13699289.379714102, 5039602.129471674) [-13623638.577298425, 4961083.0501871575] (75650.80241567641, 78519.07928451616)
02/16/2017 12:06:37 AM root                      DEBUG    'zoom_range' [13, 12, 11, 10, 9] (8, 8)
02/16/2017 12:06:37 AM root                      DEBUG    'shift_srs ul' (-123.06281031373413, 41.073138381164284) 'lr' (-122.38414062957925, 40.76262052586054)
02/16/2017 12:06:37 AM root                      DEBUG    'target raster'
02/16/2017 12:06:37 AM root                      DEBUG    'Upper Left' (-13699289.379714102, 5039602.129471674) (-13699289.379714102, 5039602.129471674) [(-123.06281031373413, 41.184557808755784), (-123.06281031373413, 41.184557808755784)]
02/16/2017 12:06:37 AM root                      DEBUG    'Lower Right' (-13623638.577298425, 4961083.0501871575) (-13623638.577298425, 4961083.0501871575) [(-122.38322759307503, 40.65156783076159), (-122.38322759307503, 40.65156783076159)]
02/16/2017 12:06:37 AM root                      DEBUG    'base_raster'
02/16/2017 12:06:37 AM root                      DEBUG    'tile_ul' [13, 1295, 3065] 'tile_lr' [13, 1311, 3081]
02/16/2017 12:06:37 AM root                      DEBUG    'target Upper Left' (-13699289.379714102, 5039602.129471674) [-13702407.438513838, 5043620.874369068] [(-123.06281031373413, 41.184557808755784), (-123.09082031249999, 41.21172151054785)]
02/16/2017 12:06:37 AM root                      DEBUG    'target Lower Right' (-13623638.577298425, 4961083.0501871575) [-13619243.951739566, 4960457.387594795] [(-122.38322759307503, 40.65156783076159), (-122.34374999999999, 40.647303562522474)]
02/16/2017 12:06:37 AM root                      DEBUG    'max_zoom' 13 'size' 4352 4352 '-tr' 19.109257071294067 -19.109257071294067 '-te' -13702407.438513838 4960457.387594795 -13619243.951739566 5043620.874369068 '-t_srs' '+proj=merc +a=6378137 +b=6378137 +lat_ts=0.0 +lon_0=0.0 +x_0=0.0 +y_0=0 +k=1.0 +units=m +nadgrids=@null +wktext +no_defs'
02/16/2017 12:06:37 AM root                      DEBUG    'src_bands' 4
02/16/2017 12:06:37 AM root                      DEBUG    'nodata' None None
02/16/2017 12:06:37 AM root                      DEBUG    'walk'
02/16/2017 12:06:37 AM root                      DEBUG    'min_zoom' 9 'tile_ul' [9, 80, 191] 'tile_lr' [9, 81, 192] 'tiles' {(9, 80, 192): (9, 80, 192), (9, 81, 192): (9, 81, 192), (9, 81, 191): (9, 81, 191), (9, 80, 191): (9, 80, 191)}
02/16/2017 12:06:42 AM root                      DEBUG    u'5' u'..\\..\\..\\sample_output_21\\landisdata\\modeldata\\1\\1\\1/5'
02/16/2017 12:06:42 AM root                      DEBUG    'src dest' u'..\\..\\..\\sample_output_21\\landisdata\\modeldata\\1\\1\\1\\5.png' u'..\\..\\..\\sample_output_21\\landisdata\\modeldata\\1\\1\\1/5'
02/16/2017 12:06:42 AM root                      DEBUG    'proj, longlat' '+proj=merc +a=6378137 +b=6378137 +lat_ts=0.0 +lon_0=0.0 +x_0=0.0 +y_0=0 +k=1.0 +units=m +nadgrids=@null +wktext +no_defs' '+proj=longlat +a=6378137 +b=6378137 +nadgrids=@null +no_defs '
02/16/2017 12:06:42 AM root                      DEBUG    'max_x' 20037508.342789248
02/16/2017 12:06:42 AM root                      DEBUG    'zoom0_tiles' [1, 1] 'tile_dim' (256, -256) 'pix_origin' (-20037508.342789248, 20037508.342789248) 'tile_origin' (-20037508.342789248, 20037508.342789244) (-180, 85.05112877980658)
02/16/2017 12:06:42 AM root                      DEBUG    'max extent' (-20037508.342789248, -20037508.342789248, 20037508.342789248, 20037508.342789248)
02/16/2017 12:06:42 AM root                      DEBUG    'tile year = 5'
02/16/2017 12:06:42 AM root                      DEBUG    'self.src_path' u'C:\\data\\development\\landviz\\py27\\sample_output_21\\landisdata\\modeldata\\1\\1\\1\\5.png' u'..\\..\\..\\sample_output_21\\landisdata\\modeldata\\1\\1\\1\\5.png'
02/16/2017 12:06:42 AM root                      DEBUG    'src_proj' '+proj=aea +lat_1=29.5 +lat_2=45.5 +lat_0=23 +lon_0=-96 +x_0=0 +y_0=0 +ellps=GRS80 +towgs84=0,0,0,0,0,0,0 +units=m +no_defs ' 'src geotr' (-2225528.84151, 270.0, 0.0, 2326223.5926, 0.0, -270.0)
02/16/2017 12:06:42 AM root                      DEBUG    'automatic zoom levels'
02/16/2017 12:06:42 AM root                      DEBUG    'shift_srs ul' (-123.06281031373413, 41.073138381164284) 'lr' (-122.38414062957925, 40.76262052586054)
02/16/2017 12:06:42 AM root                      DEBUG    'ul_c, lr_c, wh' (-13699289.379714102, 5039602.129471674) [-13623638.577298425, 4961083.0501871575] (75650.80241567641, 78519.07928451616)
02/16/2017 12:06:42 AM root                      DEBUG    'zoom_range' [13, 12, 11, 10, 9] (8, 8)
02/16/2017 12:06:42 AM root                      DEBUG    'shift_srs ul' (-123.06281031373413, 41.073138381164284) 'lr' (-122.38414062957925, 40.76262052586054)
02/16/2017 12:06:42 AM root                      DEBUG    'target raster'
02/16/2017 12:06:42 AM root                      DEBUG    'Upper Left' (-13699289.379714102, 5039602.129471674) (-13699289.379714102, 5039602.129471674) [(-123.06281031373413, 41.184557808755784), (-123.06281031373413, 41.184557808755784)]
02/16/2017 12:06:42 AM root                      DEBUG    'Lower Right' (-13623638.577298425, 4961083.0501871575) (-13623638.577298425, 4961083.0501871575) [(-122.38322759307503, 40.65156783076159), (-122.38322759307503, 40.65156783076159)]
02/16/2017 12:06:42 AM root                      DEBUG    'base_raster'
02/16/2017 12:06:42 AM root                      DEBUG    'tile_ul' [13, 1295, 3065] 'tile_lr' [13, 1311, 3081]
02/16/2017 12:06:42 AM root                      DEBUG    'target Upper Left' (-13699289.379714102, 5039602.129471674) [-13702407.438513838, 5043620.874369068] [(-123.06281031373413, 41.184557808755784), (-123.09082031249999, 41.21172151054785)]
02/16/2017 12:06:42 AM root                      DEBUG    'target Lower Right' (-13623638.577298425, 4961083.0501871575) [-13619243.951739566, 4960457.387594795] [(-122.38322759307503, 40.65156783076159), (-122.34374999999999, 40.647303562522474)]
02/16/2017 12:06:42 AM root                      DEBUG    'max_zoom' 13 'size' 4352 4352 '-tr' 19.109257071294067 -19.109257071294067 '-te' -13702407.438513838 4960457.387594795 -13619243.951739566 5043620.874369068 '-t_srs' '+proj=merc +a=6378137 +b=6378137 +lat_ts=0.0 +lon_0=0.0 +x_0=0.0 +y_0=0 +k=1.0 +units=m +nadgrids=@null +wktext +no_defs'
02/16/2017 12:06:42 AM root                      DEBUG    'src_bands' 4
02/16/2017 12:06:42 AM root                      DEBUG    'nodata' None None
02/16/2017 12:06:42 AM root                      DEBUG    'walk'
02/16/2017 12:06:42 AM root                      DEBUG    'min_zoom' 9 'tile_ul' [9, 80, 191] 'tile_lr' [9, 81, 192] 'tiles' {(9, 80, 192): (9, 80, 192), (9, 81, 192): (9, 81, 192), (9, 81, 191): (9, 81, 191), (9, 80, 191): (9, 80, 191)}
02/16/2017 12:06:46 AM root                      DEBUG    u'6' u'..\\..\\..\\sample_output_21\\landisdata\\modeldata\\1\\1\\1/6'
02/16/2017 12:06:46 AM root                      DEBUG    'src dest' u'..\\..\\..\\sample_output_21\\landisdata\\modeldata\\1\\1\\1\\6.png' u'..\\..\\..\\sample_output_21\\landisdata\\modeldata\\1\\1\\1/6'
02/16/2017 12:06:46 AM root                      DEBUG    'proj, longlat' '+proj=merc +a=6378137 +b=6378137 +lat_ts=0.0 +lon_0=0.0 +x_0=0.0 +y_0=0 +k=1.0 +units=m +nadgrids=@null +wktext +no_defs' '+proj=longlat +a=6378137 +b=6378137 +nadgrids=@null +no_defs '
02/16/2017 12:06:46 AM root                      DEBUG    'max_x' 20037508.342789248
02/16/2017 12:06:46 AM root                      DEBUG    'zoom0_tiles' [1, 1] 'tile_dim' (256, -256) 'pix_origin' (-20037508.342789248, 20037508.342789248) 'tile_origin' (-20037508.342789248, 20037508.342789244) (-180, 85.05112877980658)
02/16/2017 12:06:46 AM root                      DEBUG    'max extent' (-20037508.342789248, -20037508.342789248, 20037508.342789248, 20037508.342789248)
02/16/2017 12:06:46 AM root                      DEBUG    'tile year = 6'
02/16/2017 12:06:46 AM root                      DEBUG    'self.src_path' u'C:\\data\\development\\landviz\\py27\\sample_output_21\\landisdata\\modeldata\\1\\1\\1\\6.png' u'..\\..\\..\\sample_output_21\\landisdata\\modeldata\\1\\1\\1\\6.png'
02/16/2017 12:06:46 AM root                      DEBUG    'src_proj' '+proj=aea +lat_1=29.5 +lat_2=45.5 +lat_0=23 +lon_0=-96 +x_0=0 +y_0=0 +ellps=GRS80 +towgs84=0,0,0,0,0,0,0 +units=m +no_defs ' 'src geotr' (-2225528.84151, 270.0, 0.0, 2326223.5926, 0.0, -270.0)
02/16/2017 12:06:46 AM root                      DEBUG    'automatic zoom levels'
02/16/2017 12:06:46 AM root                      DEBUG    'shift_srs ul' (-123.06281031373413, 41.073138381164284) 'lr' (-122.38414062957925, 40.76262052586054)
02/16/2017 12:06:46 AM root                      DEBUG    'ul_c, lr_c, wh' (-13699289.379714102, 5039602.129471674) [-13623638.577298425, 4961083.0501871575] (75650.80241567641, 78519.07928451616)
02/16/2017 12:06:46 AM root                      DEBUG    'zoom_range' [13, 12, 11, 10, 9] (8, 8)
02/16/2017 12:06:46 AM root                      DEBUG    'shift_srs ul' (-123.06281031373413, 41.073138381164284) 'lr' (-122.38414062957925, 40.76262052586054)
02/16/2017 12:06:46 AM root                      DEBUG    'target raster'
02/16/2017 12:06:46 AM root                      DEBUG    'Upper Left' (-13699289.379714102, 5039602.129471674) (-13699289.379714102, 5039602.129471674) [(-123.06281031373413, 41.184557808755784), (-123.06281031373413, 41.184557808755784)]
02/16/2017 12:06:46 AM root                      DEBUG    'Lower Right' (-13623638.577298425, 4961083.0501871575) (-13623638.577298425, 4961083.0501871575) [(-122.38322759307503, 40.65156783076159), (-122.38322759307503, 40.65156783076159)]
02/16/2017 12:06:46 AM root                      DEBUG    'base_raster'
02/16/2017 12:06:46 AM root                      DEBUG    'tile_ul' [13, 1295, 3065] 'tile_lr' [13, 1311, 3081]
02/16/2017 12:06:46 AM root                      DEBUG    'target Upper Left' (-13699289.379714102, 5039602.129471674) [-13702407.438513838, 5043620.874369068] [(-123.06281031373413, 41.184557808755784), (-123.09082031249999, 41.21172151054785)]
02/16/2017 12:06:46 AM root                      DEBUG    'target Lower Right' (-13623638.577298425, 4961083.0501871575) [-13619243.951739566, 4960457.387594795] [(-122.38322759307503, 40.65156783076159), (-122.34374999999999, 40.647303562522474)]
02/16/2017 12:06:46 AM root                      DEBUG    'max_zoom' 13 'size' 4352 4352 '-tr' 19.109257071294067 -19.109257071294067 '-te' -13702407.438513838 4960457.387594795 -13619243.951739566 5043620.874369068 '-t_srs' '+proj=merc +a=6378137 +b=6378137 +lat_ts=0.0 +lon_0=0.0 +x_0=0.0 +y_0=0 +k=1.0 +units=m +nadgrids=@null +wktext +no_defs'
02/16/2017 12:06:46 AM root                      DEBUG    'src_bands' 4
02/16/2017 12:06:46 AM root                      DEBUG    'nodata' None None
02/16/2017 12:06:46 AM root                      DEBUG    'walk'
02/16/2017 12:06:46 AM root                      DEBUG    'min_zoom' 9 'tile_ul' [9, 80, 191] 'tile_lr' [9, 81, 192] 'tiles' {(9, 80, 192): (9, 80, 192), (9, 81, 192): (9, 81, 192), (9, 81, 191): (9, 81, 191), (9, 80, 191): (9, 80, 191)}
02/16/2017 12:06:51 AM root                      DEBUG    u'7' u'..\\..\\..\\sample_output_21\\landisdata\\modeldata\\1\\1\\1/7'
02/16/2017 12:06:51 AM root                      DEBUG    'src dest' u'..\\..\\..\\sample_output_21\\landisdata\\modeldata\\1\\1\\1\\7.png' u'..\\..\\..\\sample_output_21\\landisdata\\modeldata\\1\\1\\1/7'
02/16/2017 12:06:51 AM root                      DEBUG    'proj, longlat' '+proj=merc +a=6378137 +b=6378137 +lat_ts=0.0 +lon_0=0.0 +x_0=0.0 +y_0=0 +k=1.0 +units=m +nadgrids=@null +wktext +no_defs' '+proj=longlat +a=6378137 +b=6378137 +nadgrids=@null +no_defs '
02/16/2017 12:06:51 AM root                      DEBUG    'max_x' 20037508.342789248
02/16/2017 12:06:51 AM root                      DEBUG    'zoom0_tiles' [1, 1] 'tile_dim' (256, -256) 'pix_origin' (-20037508.342789248, 20037508.342789248) 'tile_origin' (-20037508.342789248, 20037508.342789244) (-180, 85.05112877980658)
02/16/2017 12:06:51 AM root                      DEBUG    'max extent' (-20037508.342789248, -20037508.342789248, 20037508.342789248, 20037508.342789248)
02/16/2017 12:06:51 AM root                      DEBUG    'tile year = 7'
02/16/2017 12:06:51 AM root                      DEBUG    'self.src_path' u'C:\\data\\development\\landviz\\py27\\sample_output_21\\landisdata\\modeldata\\1\\1\\1\\7.png' u'..\\..\\..\\sample_output_21\\landisdata\\modeldata\\1\\1\\1\\7.png'
02/16/2017 12:06:51 AM root                      DEBUG    'src_proj' '+proj=aea +lat_1=29.5 +lat_2=45.5 +lat_0=23 +lon_0=-96 +x_0=0 +y_0=0 +ellps=GRS80 +towgs84=0,0,0,0,0,0,0 +units=m +no_defs ' 'src geotr' (-2225528.84151, 270.0, 0.0, 2326223.5926, 0.0, -270.0)
02/16/2017 12:06:51 AM root                      DEBUG    'automatic zoom levels'
02/16/2017 12:06:51 AM root                      DEBUG    'shift_srs ul' (-123.06281031373413, 41.073138381164284) 'lr' (-122.38414062957925, 40.76262052586054)
02/16/2017 12:06:51 AM root                      DEBUG    'ul_c, lr_c, wh' (-13699289.379714102, 5039602.129471674) [-13623638.577298425, 4961083.0501871575] (75650.80241567641, 78519.07928451616)
02/16/2017 12:06:51 AM root                      DEBUG    'zoom_range' [13, 12, 11, 10, 9] (8, 8)
02/16/2017 12:06:51 AM root                      DEBUG    'shift_srs ul' (-123.06281031373413, 41.073138381164284) 'lr' (-122.38414062957925, 40.76262052586054)
02/16/2017 12:06:51 AM root                      DEBUG    'target raster'
02/16/2017 12:06:51 AM root                      DEBUG    'Upper Left' (-13699289.379714102, 5039602.129471674) (-13699289.379714102, 5039602.129471674) [(-123.06281031373413, 41.184557808755784), (-123.06281031373413, 41.184557808755784)]
02/16/2017 12:06:51 AM root                      DEBUG    'Lower Right' (-13623638.577298425, 4961083.0501871575) (-13623638.577298425, 4961083.0501871575) [(-122.38322759307503, 40.65156783076159), (-122.38322759307503, 40.65156783076159)]
02/16/2017 12:06:51 AM root                      DEBUG    'base_raster'
02/16/2017 12:06:51 AM root                      DEBUG    'tile_ul' [13, 1295, 3065] 'tile_lr' [13, 1311, 3081]
02/16/2017 12:06:51 AM root                      DEBUG    'target Upper Left' (-13699289.379714102, 5039602.129471674) [-13702407.438513838, 5043620.874369068] [(-123.06281031373413, 41.184557808755784), (-123.09082031249999, 41.21172151054785)]
02/16/2017 12:06:51 AM root                      DEBUG    'target Lower Right' (-13623638.577298425, 4961083.0501871575) [-13619243.951739566, 4960457.387594795] [(-122.38322759307503, 40.65156783076159), (-122.34374999999999, 40.647303562522474)]
02/16/2017 12:06:51 AM root                      DEBUG    'max_zoom' 13 'size' 4352 4352 '-tr' 19.109257071294067 -19.109257071294067 '-te' -13702407.438513838 4960457.387594795 -13619243.951739566 5043620.874369068 '-t_srs' '+proj=merc +a=6378137 +b=6378137 +lat_ts=0.0 +lon_0=0.0 +x_0=0.0 +y_0=0 +k=1.0 +units=m +nadgrids=@null +wktext +no_defs'
02/16/2017 12:06:51 AM root                      DEBUG    'src_bands' 4
02/16/2017 12:06:51 AM root                      DEBUG    'nodata' None None
02/16/2017 12:06:51 AM root                      DEBUG    'walk'
02/16/2017 12:06:51 AM root                      DEBUG    'min_zoom' 9 'tile_ul' [9, 80, 191] 'tile_lr' [9, 81, 192] 'tiles' {(9, 80, 192): (9, 80, 192), (9, 81, 192): (9, 81, 192), (9, 81, 191): (9, 81, 191), (9, 80, 191): (9, 80, 191)}
02/16/2017 12:06:56 AM root                      DEBUG    u'8' u'..\\..\\..\\sample_output_21\\landisdata\\modeldata\\1\\1\\1/8'
02/16/2017 12:06:56 AM root                      DEBUG    'src dest' u'..\\..\\..\\sample_output_21\\landisdata\\modeldata\\1\\1\\1\\8.png' u'..\\..\\..\\sample_output_21\\landisdata\\modeldata\\1\\1\\1/8'
02/16/2017 12:06:56 AM root                      DEBUG    'proj, longlat' '+proj=merc +a=6378137 +b=6378137 +lat_ts=0.0 +lon_0=0.0 +x_0=0.0 +y_0=0 +k=1.0 +units=m +nadgrids=@null +wktext +no_defs' '+proj=longlat +a=6378137 +b=6378137 +nadgrids=@null +no_defs '
02/16/2017 12:06:56 AM root                      DEBUG    'max_x' 20037508.342789248
02/16/2017 12:06:56 AM root                      DEBUG    'zoom0_tiles' [1, 1] 'tile_dim' (256, -256) 'pix_origin' (-20037508.342789248, 20037508.342789248) 'tile_origin' (-20037508.342789248, 20037508.342789244) (-180, 85.05112877980658)
02/16/2017 12:06:56 AM root                      DEBUG    'max extent' (-20037508.342789248, -20037508.342789248, 20037508.342789248, 20037508.342789248)
02/16/2017 12:06:56 AM root                      DEBUG    'tile year = 8'
02/16/2017 12:06:56 AM root                      DEBUG    'self.src_path' u'C:\\data\\development\\landviz\\py27\\sample_output_21\\landisdata\\modeldata\\1\\1\\1\\8.png' u'..\\..\\..\\sample_output_21\\landisdata\\modeldata\\1\\1\\1\\8.png'
02/16/2017 12:06:56 AM root                      DEBUG    'src_proj' '+proj=aea +lat_1=29.5 +lat_2=45.5 +lat_0=23 +lon_0=-96 +x_0=0 +y_0=0 +ellps=GRS80 +towgs84=0,0,0,0,0,0,0 +units=m +no_defs ' 'src geotr' (-2225528.84151, 270.0, 0.0, 2326223.5926, 0.0, -270.0)
02/16/2017 12:06:56 AM root                      DEBUG    'automatic zoom levels'
02/16/2017 12:06:56 AM root                      DEBUG    'shift_srs ul' (-123.06281031373413, 41.073138381164284) 'lr' (-122.38414062957925, 40.76262052586054)
02/16/2017 12:06:56 AM root                      DEBUG    'ul_c, lr_c, wh' (-13699289.379714102, 5039602.129471674) [-13623638.577298425, 4961083.0501871575] (75650.80241567641, 78519.07928451616)
02/16/2017 12:06:56 AM root                      DEBUG    'zoom_range' [13, 12, 11, 10, 9] (8, 8)
02/16/2017 12:06:56 AM root                      DEBUG    'shift_srs ul' (-123.06281031373413, 41.073138381164284) 'lr' (-122.38414062957925, 40.76262052586054)
02/16/2017 12:06:56 AM root                      DEBUG    'target raster'
02/16/2017 12:06:56 AM root                      DEBUG    'Upper Left' (-13699289.379714102, 5039602.129471674) (-13699289.379714102, 5039602.129471674) [(-123.06281031373413, 41.184557808755784), (-123.06281031373413, 41.184557808755784)]
02/16/2017 12:06:56 AM root                      DEBUG    'Lower Right' (-13623638.577298425, 4961083.0501871575) (-13623638.577298425, 4961083.0501871575) [(-122.38322759307503, 40.65156783076159), (-122.38322759307503, 40.65156783076159)]
02/16/2017 12:06:56 AM root                      DEBUG    'base_raster'
02/16/2017 12:06:56 AM root                      DEBUG    'tile_ul' [13, 1295, 3065] 'tile_lr' [13, 1311, 3081]
02/16/2017 12:06:56 AM root                      DEBUG    'target Upper Left' (-13699289.379714102, 5039602.129471674) [-13702407.438513838, 5043620.874369068] [(-123.06281031373413, 41.184557808755784), (-123.09082031249999, 41.21172151054785)]
02/16/2017 12:06:56 AM root                      DEBUG    'target Lower Right' (-13623638.577298425, 4961083.0501871575) [-13619243.951739566, 4960457.387594795] [(-122.38322759307503, 40.65156783076159), (-122.34374999999999, 40.647303562522474)]
02/16/2017 12:06:56 AM root                      DEBUG    'max_zoom' 13 'size' 4352 4352 '-tr' 19.109257071294067 -19.109257071294067 '-te' -13702407.438513838 4960457.387594795 -13619243.951739566 5043620.874369068 '-t_srs' '+proj=merc +a=6378137 +b=6378137 +lat_ts=0.0 +lon_0=0.0 +x_0=0.0 +y_0=0 +k=1.0 +units=m +nadgrids=@null +wktext +no_defs'
02/16/2017 12:06:56 AM root                      DEBUG    'src_bands' 4
02/16/2017 12:06:56 AM root                      DEBUG    'nodata' None None
02/16/2017 12:06:56 AM root                      DEBUG    'walk'
02/16/2017 12:06:56 AM root                      DEBUG    'min_zoom' 9 'tile_ul' [9, 80, 191] 'tile_lr' [9, 81, 192] 'tiles' {(9, 80, 192): (9, 80, 192), (9, 81, 192): (9, 81, 192), (9, 81, 191): (9, 81, 191), (9, 80, 191): (9, 80, 191)}
02/16/2017 12:07:00 AM root                      DEBUG    u'9' u'..\\..\\..\\sample_output_21\\landisdata\\modeldata\\1\\1\\1/9'
02/16/2017 12:07:00 AM root                      DEBUG    'src dest' u'..\\..\\..\\sample_output_21\\landisdata\\modeldata\\1\\1\\1\\9.png' u'..\\..\\..\\sample_output_21\\landisdata\\modeldata\\1\\1\\1/9'
02/16/2017 12:07:00 AM root                      DEBUG    'proj, longlat' '+proj=merc +a=6378137 +b=6378137 +lat_ts=0.0 +lon_0=0.0 +x_0=0.0 +y_0=0 +k=1.0 +units=m +nadgrids=@null +wktext +no_defs' '+proj=longlat +a=6378137 +b=6378137 +nadgrids=@null +no_defs '
02/16/2017 12:07:00 AM root                      DEBUG    'max_x' 20037508.342789248
02/16/2017 12:07:00 AM root                      DEBUG    'zoom0_tiles' [1, 1] 'tile_dim' (256, -256) 'pix_origin' (-20037508.342789248, 20037508.342789248) 'tile_origin' (-20037508.342789248, 20037508.342789244) (-180, 85.05112877980658)
02/16/2017 12:07:00 AM root                      DEBUG    'max extent' (-20037508.342789248, -20037508.342789248, 20037508.342789248, 20037508.342789248)
02/16/2017 12:07:00 AM root                      DEBUG    'tile year = 9'
02/16/2017 12:07:00 AM root                      DEBUG    'self.src_path' u'C:\\data\\development\\landviz\\py27\\sample_output_21\\landisdata\\modeldata\\1\\1\\1\\9.png' u'..\\..\\..\\sample_output_21\\landisdata\\modeldata\\1\\1\\1\\9.png'
02/16/2017 12:07:00 AM root                      DEBUG    'src_proj' '+proj=aea +lat_1=29.5 +lat_2=45.5 +lat_0=23 +lon_0=-96 +x_0=0 +y_0=0 +ellps=GRS80 +towgs84=0,0,0,0,0,0,0 +units=m +no_defs ' 'src geotr' (-2225528.84151, 270.0, 0.0, 2326223.5926, 0.0, -270.0)
02/16/2017 12:07:00 AM root                      DEBUG    'automatic zoom levels'
02/16/2017 12:07:00 AM root                      DEBUG    'shift_srs ul' (-123.06281031373413, 41.073138381164284) 'lr' (-122.38414062957925, 40.76262052586054)
02/16/2017 12:07:00 AM root                      DEBUG    'ul_c, lr_c, wh' (-13699289.379714102, 5039602.129471674) [-13623638.577298425, 4961083.0501871575] (75650.80241567641, 78519.07928451616)
02/16/2017 12:07:00 AM root                      DEBUG    'zoom_range' [13, 12, 11, 10, 9] (8, 8)
02/16/2017 12:07:00 AM root                      DEBUG    'shift_srs ul' (-123.06281031373413, 41.073138381164284) 'lr' (-122.38414062957925, 40.76262052586054)
02/16/2017 12:07:00 AM root                      DEBUG    'target raster'
02/16/2017 12:07:00 AM root                      DEBUG    'Upper Left' (-13699289.379714102, 5039602.129471674) (-13699289.379714102, 5039602.129471674) [(-123.06281031373413, 41.184557808755784), (-123.06281031373413, 41.184557808755784)]
02/16/2017 12:07:00 AM root                      DEBUG    'Lower Right' (-13623638.577298425, 4961083.0501871575) (-13623638.577298425, 4961083.0501871575) [(-122.38322759307503, 40.65156783076159), (-122.38322759307503, 40.65156783076159)]
02/16/2017 12:07:00 AM root                      DEBUG    'base_raster'
02/16/2017 12:07:00 AM root                      DEBUG    'tile_ul' [13, 1295, 3065] 'tile_lr' [13, 1311, 3081]
02/16/2017 12:07:00 AM root                      DEBUG    'target Upper Left' (-13699289.379714102, 5039602.129471674) [-13702407.438513838, 5043620.874369068] [(-123.06281031373413, 41.184557808755784), (-123.09082031249999, 41.21172151054785)]
02/16/2017 12:07:00 AM root                      DEBUG    'target Lower Right' (-13623638.577298425, 4961083.0501871575) [-13619243.951739566, 4960457.387594795] [(-122.38322759307503, 40.65156783076159), (-122.34374999999999, 40.647303562522474)]
02/16/2017 12:07:00 AM root                      DEBUG    'max_zoom' 13 'size' 4352 4352 '-tr' 19.109257071294067 -19.109257071294067 '-te' -13702407.438513838 4960457.387594795 -13619243.951739566 5043620.874369068 '-t_srs' '+proj=merc +a=6378137 +b=6378137 +lat_ts=0.0 +lon_0=0.0 +x_0=0.0 +y_0=0 +k=1.0 +units=m +nadgrids=@null +wktext +no_defs'
02/16/2017 12:07:00 AM root                      DEBUG    'src_bands' 4
02/16/2017 12:07:00 AM root                      DEBUG    'nodata' None None
02/16/2017 12:07:00 AM root                      DEBUG    'walk'
02/16/2017 12:07:00 AM root                      DEBUG    'min_zoom' 9 'tile_ul' [9, 80, 191] 'tile_lr' [9, 81, 192] 'tiles' {(9, 80, 192): (9, 80, 192), (9, 81, 192): (9, 81, 192), (9, 81, 191): (9, 81, 191), (9, 80, 191): (9, 80, 191)}
02/16/2017 12:07:05 AM root                      DEBUG    u'10' u'..\\..\\..\\sample_output_21\\landisdata\\modeldata\\1\\1\\1/10'
02/16/2017 12:07:05 AM root                      DEBUG    'src dest' u'..\\..\\..\\sample_output_21\\landisdata\\modeldata\\1\\1\\1\\10.png' u'..\\..\\..\\sample_output_21\\landisdata\\modeldata\\1\\1\\1/10'
02/16/2017 12:07:05 AM root                      DEBUG    'proj, longlat' '+proj=merc +a=6378137 +b=6378137 +lat_ts=0.0 +lon_0=0.0 +x_0=0.0 +y_0=0 +k=1.0 +units=m +nadgrids=@null +wktext +no_defs' '+proj=longlat +a=6378137 +b=6378137 +nadgrids=@null +no_defs '
02/16/2017 12:07:05 AM root                      DEBUG    'max_x' 20037508.342789248
02/16/2017 12:07:05 AM root                      DEBUG    'zoom0_tiles' [1, 1] 'tile_dim' (256, -256) 'pix_origin' (-20037508.342789248, 20037508.342789248) 'tile_origin' (-20037508.342789248, 20037508.342789244) (-180, 85.05112877980658)
02/16/2017 12:07:05 AM root                      DEBUG    'max extent' (-20037508.342789248, -20037508.342789248, 20037508.342789248, 20037508.342789248)
02/16/2017 12:07:05 AM root                      DEBUG    'tile year = 10'
02/16/2017 12:07:05 AM root                      DEBUG    'self.src_path' u'C:\\data\\development\\landviz\\py27\\sample_output_21\\landisdata\\modeldata\\1\\1\\1\\10.png' u'..\\..\\..\\sample_output_21\\landisdata\\modeldata\\1\\1\\1\\10.png'
02/16/2017 12:07:05 AM root                      DEBUG    'src_proj' '+proj=aea +lat_1=29.5 +lat_2=45.5 +lat_0=23 +lon_0=-96 +x_0=0 +y_0=0 +ellps=GRS80 +towgs84=0,0,0,0,0,0,0 +units=m +no_defs ' 'src geotr' (-2225528.84151, 270.0, 0.0, 2326223.5926, 0.0, -270.0)
02/16/2017 12:07:05 AM root                      DEBUG    'automatic zoom levels'
02/16/2017 12:07:05 AM root                      DEBUG    'shift_srs ul' (-123.06281031373413, 41.073138381164284) 'lr' (-122.38414062957925, 40.76262052586054)
02/16/2017 12:07:05 AM root                      DEBUG    'ul_c, lr_c, wh' (-13699289.379714102, 5039602.129471674) [-13623638.577298425, 4961083.0501871575] (75650.80241567641, 78519.07928451616)
02/16/2017 12:07:05 AM root                      DEBUG    'zoom_range' [13, 12, 11, 10, 9] (8, 8)
02/16/2017 12:07:05 AM root                      DEBUG    'shift_srs ul' (-123.06281031373413, 41.073138381164284) 'lr' (-122.38414062957925, 40.76262052586054)
02/16/2017 12:07:05 AM root                      DEBUG    'target raster'
02/16/2017 12:07:05 AM root                      DEBUG    'Upper Left' (-13699289.379714102, 5039602.129471674) (-13699289.379714102, 5039602.129471674) [(-123.06281031373413, 41.184557808755784), (-123.06281031373413, 41.184557808755784)]
02/16/2017 12:07:05 AM root                      DEBUG    'Lower Right' (-13623638.577298425, 4961083.0501871575) (-13623638.577298425, 4961083.0501871575) [(-122.38322759307503, 40.65156783076159), (-122.38322759307503, 40.65156783076159)]
02/16/2017 12:07:05 AM root                      DEBUG    'base_raster'
02/16/2017 12:07:05 AM root                      DEBUG    'tile_ul' [13, 1295, 3065] 'tile_lr' [13, 1311, 3081]
02/16/2017 12:07:05 AM root                      DEBUG    'target Upper Left' (-13699289.379714102, 5039602.129471674) [-13702407.438513838, 5043620.874369068] [(-123.06281031373413, 41.184557808755784), (-123.09082031249999, 41.21172151054785)]
02/16/2017 12:07:05 AM root                      DEBUG    'target Lower Right' (-13623638.577298425, 4961083.0501871575) [-13619243.951739566, 4960457.387594795] [(-122.38322759307503, 40.65156783076159), (-122.34374999999999, 40.647303562522474)]
02/16/2017 12:07:05 AM root                      DEBUG    'max_zoom' 13 'size' 4352 4352 '-tr' 19.109257071294067 -19.109257071294067 '-te' -13702407.438513838 4960457.387594795 -13619243.951739566 5043620.874369068 '-t_srs' '+proj=merc +a=6378137 +b=6378137 +lat_ts=0.0 +lon_0=0.0 +x_0=0.0 +y_0=0 +k=1.0 +units=m +nadgrids=@null +wktext +no_defs'
02/16/2017 12:07:05 AM root                      DEBUG    'src_bands' 4
02/16/2017 12:07:05 AM root                      DEBUG    'nodata' None None
02/16/2017 12:07:05 AM root                      DEBUG    'walk'
02/16/2017 12:07:05 AM root                      DEBUG    'min_zoom' 9 'tile_ul' [9, 80, 191] 'tile_lr' [9, 81, 192] 'tiles' {(9, 80, 192): (9, 80, 192), (9, 81, 192): (9, 81, 192), (9, 81, 191): (9, 81, 191), (9, 80, 191): (9, 80, 191)}
02/16/2017 12:07:10 AM landis.tiler              DEBUG    End tiling process with multiprocessing
02/16/2017 12:07:10 AM preworker.prepairMaps     INFO     scenario: BAU_short_clip
02/16/2017 12:07:10 AM preworker.prepairMaps     INFO     extension: Dynamic Fire System
02/16/2017 12:07:10 AM preworker.prepairMaps     INFO     output: TimeLastFire
02/16/2017 12:07:10 AM preworker.prepairMaps     INFO     prepair year = 0 [year not available]
02/16/2017 12:07:10 AM preworker.prepairMaps     INFO     prepair year = 1
02/16/2017 12:07:10 AM mapworker.outputDataset   ERROR    Cannot cast ufunc add input from dtype('int32') to dtype('uint32') with casting rule 'same_kind'
